#
# A fatal error has been detected by the Java Runtime Environment:
#
#  EXCEPTION_ACCESS_VIOLATION (0xc0000005) at pc=0xffffffffa8915120, pid=6044, tid=7020
#
# JRE version: Java(TM) SE Runtime Environment (8.0_40-b25) (build 1.8.0_40-b25)
# Java VM: Java HotSpot(TM) 64-Bit Server VM (25.40-b25 mixed mode windows-amd64 compressed oops)
# Problematic frame:
# C  0xffffffffa8915120
#
# Failed to write core dump. Minidumps are not enabled by default on client versions of Windows
#
# If you would like to submit a bug report, please visit:
#   http://bugreport.java.com/bugreport/crash.jsp
#

---------------  T H R E A D  ---------------

Current thread (0x000000002290c800):  JavaThread "Lucene Merge Thread #0" daemon [_thread_in_Java, id=7020, stack(0x0000000025260000,0x0000000025360000)]

siginfo: ExceptionCode=0xc0000005, ExceptionInformation=0x0000000000000008 0xffffffffa8915120

Registers:
RAX=0x00000000e293c908, RBX=0x0000000080000000, RCX=0x0000000000000009, RDX=0x00000000e293c908
RSP=0x000000002535eb38, RBP=0x000000002535edb0, RSI=0x000000000000000a, RDI=0x00000000e4479860
R8 =0x00000000e2608010, R9 =0x00000000e4479898, R10=0x00000000e293c908, R11=0x00000000e29458e8
R12=0x0000000000000000, R13=0x000000000000000a, R14=0x00000000e2945728, R15=0x000000002290c800
RIP=0xffffffffa8915120, EFLAGS=0x0000000000010206

Top of Stack: (sp=0x000000002535eb38)
0x000000002535eb38:   00000000075f18cc 00000000e26558b8
0x000000002535eb48:   00000000e44779a0 00000000e4478050
0x000000002535eb58:   00000000e4425800 0000000000000001
0x000000002535eb68:   00000000676dbba0 000000002535edb0
0x000000002535eb78:   0000000007e7813c 00000000e4476c00
0x000000002535eb88:   00000000e2945918 00000000e4476e60
0x000000002535eb98:   00000000e4476c00 0000000000000001
0x000000002535eba8:   00000000e4477998 00000000e4477988
0x000000002535ebb8:   0000000002d81a86 000000002535edb0
0x000000002535ebc8:   000000000342c0fc 00000000e4476b10
0x000000002535ebd8:   00000000e4477828 00000000e4476c00
0x000000002535ebe8:   00000000e2608010 00000000e4479860
0x000000002535ebf8:   00000000e44777d8 0000000a00000000
0x000000002535ec08:   00000000e4477988 00000000a74f9ac0
0x000000002535ec18:   00000000e4477888 00000000e4477920
0x000000002535ec28:   00000000117be000 0000000100e37b08 

Instructions: (pc=0xffffffffa8915120)
0xffffffffa8915100:   
[error occurred during error reporting (printing registers, top of stack, instructions near pc), id 0xc0000005]

Register to memory mapping:

RAX=0x00000000e293c908 is an oop
org.apache.lucene.codecs.lucene40.Lucene40PostingsWriter 
 - klass: 'org/apache/lucene/codecs/lucene40/Lucene40PostingsWriter'
RBX=0x0000000080000000 is an unknown value
RCX=0x0000000000000009 is an unknown value
RDX=0x00000000e293c908 is an oop
org.apache.lucene.codecs.lucene40.Lucene40PostingsWriter 
 - klass: 'org/apache/lucene/codecs/lucene40/Lucene40PostingsWriter'
RSP=0x000000002535eb38 is pointing into the stack for thread: 0x000000002290c800
RBP=0x000000002535edb0 is pointing into the stack for thread: 0x000000002290c800
RSI=0x000000000000000a is an unknown value
RDI=0x00000000e4479860 is an oop
org.apache.lucene.util.FixedBitSet 
 - klass: 'org/apache/lucene/util/FixedBitSet'
R8 =0x00000000e2608010 is an oop
org.apache.lucene.index.MergeState 
 - klass: 'org/apache/lucene/index/MergeState'
R9 =0x00000000e4479898 is an oop
org.apache.lucene.codecs.MappingMultiDocsAndPositionsEnum 
 - klass: 'org/apache/lucene/codecs/MappingMultiDocsAndPositionsEnum'
R10=0x00000000e293c908 is an oop
org.apache.lucene.codecs.lucene40.Lucene40PostingsWriter 
 - klass: 'org/apache/lucene/codecs/lucene40/Lucene40PostingsWriter'
R11=0x00000000e29458e8 is an oop
org.apache.lucene.codecs.BlockTreeTermsWriter 
 - klass: 'org/apache/lucene/codecs/BlockTreeTermsWriter'
R12=0x0000000000000000 is an unknown value
R13=0x000000000000000a is an unknown value
R14=0x00000000e2945728 is an oop
org.apache.lucene.codecs.lucene40.Lucene40SkipListWriter 
 - klass: 'org/apache/lucene/codecs/lucene40/Lucene40SkipListWriter'
R15=0x000000002290c800 is a thread


Stack: [0x0000000025260000,0x0000000025360000],  sp=0x000000002535eb38,  free space=1018k
Native frames: (J=compiled Java code, j=interpreted, Vv=VM code, C=native code)
C  0xffffffffa8915120


---------------  P R O C E S S  ---------------

Java Threads: ( => current thread )
=>0x000000002290c800 JavaThread "Lucene Merge Thread #0" daemon [_thread_in_Java, id=7020, stack(0x0000000025260000,0x0000000025360000)]
  0x000000001ef5f800 JavaThread "Opened editors lock manager" [_thread_blocked, id=9292, stack(0x000000001a570000,0x000000001a670000)]
  0x000000001ef59000 JavaThread "Collect project resource thread" daemon [_thread_blocked, id=532, stack(0x00000000225c0000,0x00000000226c0000)]
  0x000000001ef51800 JavaThread "Swing-Shell" daemon [_thread_blocked, id=5796, stack(0x00000000207c0000,0x00000000208c0000)]
  0x000000001ef59800 JavaThread "Detect hyperlinks at caret" daemon [_thread_blocked, id=9900, stack(0x0000000000ae0000,0x0000000000be0000)]
  0x000000001ef58000 JavaThread "Tooltip timer in CC Editor" daemon [_thread_blocked, id=10140, stack(0x0000000025060000,0x0000000025160000)]
  0x000000001ef55000 JavaThread "OxygenSingletonChecker-Thread" [_thread_in_native, id=4088, stack(0x0000000024f60000,0x0000000025060000)]
  0x000000001de16800 JavaThread "Collect components thread" daemon [_thread_blocked, id=564, stack(0x0000000025160000,0x0000000025260000)]
  0x000000001de13800 JavaThread "DocumentTypeProviderTimer" daemon [_thread_blocked, id=5820, stack(0x0000000021fc0000,0x00000000220c0000)]
  0x000000001de10800 JavaThread "Mark occurrences in current file" daemon [_thread_blocked, id=10172, stack(0x00000000220c0000,0x00000000221c0000)]
  0x000000001de17800 JavaThread "DB Sessions Manager fire timer" daemon [_thread_blocked, id=9172, stack(0x000000001e3f0000,0x000000001e4f0000)]
  0x000000001de12000 JavaThread "AutomaticallyValidation" daemon [_thread_blocked, id=4584, stack(0x000000001f6c0000,0x000000001fbc0000)]
  0x000000001de14800 JavaThread "Autosave" daemon [_thread_blocked, id=9128, stack(0x000000001c420000,0x000000001c520000)]
  0x00000000192bc800 JavaThread "TimerQueue" daemon [_thread_blocked, id=9352, stack(0x000000001cb20000,0x000000001cc20000)]
  0x00000000194c3800 JavaThread "AutomaticallyValidation" daemon [_thread_blocked, id=7636, stack(0x000000001bf20000,0x000000001c420000)]
  0x000000001946c800 JavaThread "Autosave" daemon [_thread_blocked, id=10020, stack(0x000000001bb50000,0x000000001bc50000)]
  0x00000000194ca000 JavaThread "AWT-EventQueue-0" [_thread_blocked, id=7060, stack(0x000000001b550000,0x000000001b650000)]
  0x00000000194c9000 JavaThread "AWT-Shutdown" [_thread_blocked, id=4816, stack(0x000000001b450000,0x000000001b550000)]
  0x000000001829f000 JavaThread "AWT-Windows" daemon [_thread_in_native, id=9672, stack(0x0000000018b80000,0x0000000018c80000)]
  0x000000001829b800 JavaThread "Java2D Disposer" daemon [_thread_blocked, id=9008, stack(0x0000000018980000,0x0000000018a80000)]
  0x0000000017aad800 JavaThread "Exe4JStartupThread" daemon [_thread_blocked, id=9568, stack(0x0000000017fa0000,0x00000000180a0000)]
  0x00000000179c2800 JavaThread "Service Thread" daemon [_thread_blocked, id=10184, stack(0x0000000017da0000,0x0000000017ea0000)]
  0x0000000016175000 JavaThread "C1 CompilerThread2" daemon [_thread_blocked, id=9456, stack(0x00000000178a0000,0x00000000179a0000)]
  0x0000000016150000 JavaThread "C2 CompilerThread1" daemon [_thread_blocked, id=1932, stack(0x00000000177a0000,0x00000000178a0000)]
  0x000000001612b800 JavaThread "C2 CompilerThread0" daemon [_thread_blocked, id=4152, stack(0x00000000176a0000,0x00000000177a0000)]
  0x000000001612a800 JavaThread "Attach Listener" daemon [_thread_blocked, id=9836, stack(0x00000000175a0000,0x00000000176a0000)]
  0x0000000016129800 JavaThread "Signal Dispatcher" daemon [_thread_blocked, id=5512, stack(0x00000000174a0000,0x00000000175a0000)]
  0x0000000000ed8000 JavaThread "Finalizer" daemon [_thread_blocked, id=8716, stack(0x00000000173a0000,0x00000000174a0000)]
  0x0000000000ecf000 JavaThread "Reference Handler" daemon [_thread_blocked, id=7312, stack(0x00000000172a0000,0x00000000173a0000)]
  0x0000000000de2800 JavaThread "main" [_thread_blocked, id=6568, stack(0x0000000000530000,0x0000000000630000)]

Other Threads:
  0x00000000160f7800 VMThread [stack: 0x00000000171a0000,0x00000000172a0000] [id=9256]
  0x00000000179c3800 WatcherThread [stack: 0x0000000017ea0000,0x0000000017fa0000] [id=7204]

VM state:not at safepoint (normal execution)

VM Mutex/Monitor currently owned by a thread: None

Heap:
 PSYoungGen      total 121856K, used 65306K [0x00000000e0c00000, 0x00000000ea000000, 0x0000000100000000)
  eden space 99328K, 58% used [0x00000000e0c00000,0x00000000e44d39f8,0x00000000e6d00000)
  from space 22528K, 31% used [0x00000000e8a00000,0x00000000e90f30d0,0x00000000ea000000)
  to   space 26112K, 0% used [0x00000000e6d00000,0x00000000e6d00000,0x00000000e8680000)
 ParOldGen       total 344576K, used 275223K [0x00000000a2400000, 0x00000000b7480000, 0x00000000e0c00000)
  object space 344576K, 79% used [0x00000000a2400000,0x00000000b30c5d30,0x00000000b7480000)
 Metaspace       used 99153K, capacity 100122K, committed 100608K, reserved 1134592K
  class space    used 15013K, capacity 15232K, committed 15360K, reserved 1048576K

Card table byte_map: [0x0000000011cd0000,0x0000000011fc0000] byte_map_base: 0x00000000117be000

Marking Bits: (ParMarkBitMap*) 0x00000000676f4040
 Begin Bits: [0x00000000125c0000, 0x0000000013d30000)
 End Bits:   [0x0000000013d30000, 0x00000000154a0000)

Polling page: 0x00000000007d0000

CodeCache: size=245760Kb used=88071Kb max_used=88089Kb free=157688Kb
 bounds [0x0000000002910000, 0x0000000007fd0000, 0x0000000011910000]
 total_blobs=23424 nmethods=22553 adapters=775
 compilation: enabled

Compilation events (10 events):
Event: 60278.604 Thread 0x000000001612b800 nmethod 33671 0x00000000063661d0 code [0x0000000006366320, 0x0000000006366688]
Event: 60278.604 Thread 0x000000001612b800 33670       4       org.apache.lucene.codecs.lucene40.Lucene40PostingsReader::readTermsBlock (101 bytes)
Event: 60278.613 Thread 0x000000001612b800 nmethod 33670 0x0000000007ef3790 code [0x0000000007ef3920, 0x0000000007ef3ed8]
Event: 60278.614 Thread 0x000000001612b800 33677       4       org.apache.lucene.util.fst.Builder::finish (119 bytes)
Event: 60278.667 Thread 0x000000001612b800 nmethod 33677 0x0000000007ef14d0 code [0x0000000007ef1700, 0x0000000007ef2700]
Event: 60278.668 Thread 0x000000001612b800 33678       4       org.apache.lucene.codecs.TermsConsumer::merge (828 bytes)
Event: 60278.700 Thread 0x0000000016150000 nmethod 33675 0x0000000007fbf4d0 code [0x0000000007fbf800, 0x0000000007fc14a8]
Event: 60278.700 Thread 0x0000000016150000 33679       4       org.apache.lucene.util.BytesRef::equals (24 bytes)
Event: 60278.705 Thread 0x0000000016150000 nmethod 33679 0x0000000007fbcd90 code [0x0000000007fbcee0, 0x0000000007fbd0f8]
Event: 60278.706 Thread 0x000000001612b800 nmethod 33678 0x0000000007fb7b90 code [0x0000000007fb7e00, 0x0000000007fb8948]

GC Heap History (10 events):
Event: 59729.965 GC heap before
{Heap before GC invocations=622 (full 6):
 PSYoungGen      total 114176K, used 114112K [0x00000000e0c00000, 0x00000000eba80000, 0x0000000100000000)
  eden space 109056K, 100% used [0x00000000e0c00000,0x00000000e7680000,0x00000000e7680000)
  from space 5120K, 98% used [0x00000000e7880000,0x00000000e7d70020,0x00000000e7d80000)
  to   space 34816K, 0% used [0x00000000e9880000,0x00000000e9880000,0x00000000eba80000)
 ParOldGen       total 344576K, used 274583K [0x00000000a2400000, 0x00000000b7480000, 0x00000000e0c00000)
  object space 344576K, 79% used [0x00000000a2400000,0x00000000b3025cc0,0x00000000b7480000)
 Metaspace       used 99091K, capacity 100058K, committed 100608K, reserved 1134592K
  class space    used 15013K, capacity 15232K, committed 15360K, reserved 1048576K
Event: 59729.983 GC heap after
Heap after GC invocations=622 (full 6):
 PSYoungGen      total 136704K, used 5120K [0x00000000e0c00000, 0x00000000eb580000, 0x0000000100000000)
  eden space 107008K, 0% used [0x00000000e0c00000,0x00000000e0c00000,0x00000000e7480000)
  from space 29696K, 17% used [0x00000000e9880000,0x00000000e9d80020,0x00000000eb580000)
  to   space 33280K, 0% used [0x00000000e7480000,0x00000000e7480000,0x00000000e9500000)
 ParOldGen       total 344576K, used 274703K [0x00000000a2400000, 0x00000000b7480000, 0x00000000e0c00000)
  object space 344576K, 79% used [0x00000000a2400000,0x00000000b3043cd0,0x00000000b7480000)
 Metaspace       used 99091K, capacity 100058K, committed 100608K, reserved 1134592K
  class space    used 15013K, capacity 15232K, committed 15360K, reserved 1048576K
}
Event: 59771.441 GC heap before
{Heap before GC invocations=623 (full 6):
 PSYoungGen      total 136704K, used 112128K [0x00000000e0c00000, 0x00000000eb580000, 0x0000000100000000)
  eden space 107008K, 100% used [0x00000000e0c00000,0x00000000e7480000,0x00000000e7480000)
  from space 29696K, 17% used [0x00000000e9880000,0x00000000e9d80020,0x00000000eb580000)
  to   space 33280K, 0% used [0x00000000e7480000,0x00000000e7480000,0x00000000e9500000)
 ParOldGen       total 344576K, used 274703K [0x00000000a2400000, 0x00000000b7480000, 0x00000000e0c00000)
  object space 344576K, 79% used [0x00000000a2400000,0x00000000b3043cd0,0x00000000b7480000)
 Metaspace       used 99092K, capacity 100058K, committed 100608K, reserved 1134592K
  class space    used 15013K, capacity 15232K, committed 15360K, reserved 1048576K
Event: 59771.465 GC heap after
Heap after GC invocations=623 (full 6):
 PSYoungGen      total 111616K, used 6432K [0x00000000e0c00000, 0x00000000eaf80000, 0x0000000100000000)
  eden space 104960K, 0% used [0x00000000e0c00000,0x00000000e0c00000,0x00000000e7280000)
  from space 6656K, 96% used [0x00000000e7480000,0x00000000e7ac8020,0x00000000e7b00000)
  to   space 31232K, 0% used [0x00000000e9100000,0x00000000e9100000,0x00000000eaf80000)
 ParOldGen       total 344576K, used 274831K [0x00000000a2400000, 0x00000000b7480000, 0x00000000e0c00000)
  object space 344576K, 79% used [0x00000000a2400000,0x00000000b3063ce0,0x00000000b7480000)
 Metaspace       used 99092K, capacity 100058K, committed 100608K, reserved 1134592K
  class space    used 15013K, capacity 15232K, committed 15360K, reserved 1048576K
}
Event: 59845.172 GC heap before
{Heap before GC invocations=624 (full 6):
 PSYoungGen      total 111616K, used 111392K [0x00000000e0c00000, 0x00000000eaf80000, 0x0000000100000000)
  eden space 104960K, 100% used [0x00000000e0c00000,0x00000000e7280000,0x00000000e7280000)
  from space 6656K, 96% used [0x00000000e7480000,0x00000000e7ac8020,0x00000000e7b00000)
  to   space 31232K, 0% used [0x00000000e9100000,0x00000000e9100000,0x00000000eaf80000)
 ParOldGen       total 344576K, used 274831K [0x00000000a2400000, 0x00000000b7480000, 0x00000000e0c00000)
  object space 344576K, 79% used [0x00000000a2400000,0x00000000b3063ce0,0x00000000b7480000)
 Metaspace       used 99092K, capacity 100058K, committed 100608K, reserved 1134592K
  class space    used 15013K, capacity 15232K, committed 15360K, reserved 1048576K
Event: 59845.189 GC heap after
Heap after GC invocations=624 (full 6):
 PSYoungGen      total 129024K, used 6063K [0x00000000e0c00000, 0x00000000eaa80000, 0x0000000100000000)
  eden space 102912K, 0% used [0x00000000e0c00000,0x00000000e0c00000,0x00000000e7080000)
  from space 26112K, 23% used [0x00000000e9100000,0x00000000e96ebfb0,0x00000000eaa80000)
  to   space 29696K, 0% used [0x00000000e7080000,0x00000000e7080000,0x00000000e8d80000)
 ParOldGen       total 344576K, used 274983K [0x00000000a2400000, 0x00000000b7480000, 0x00000000e0c00000)
  object space 344576K, 79% used [0x00000000a2400000,0x00000000b3089d00,0x00000000b7480000)
 Metaspace       used 99092K, capacity 100058K, committed 100608K, reserved 1134592K
  class space    used 15013K, capacity 15232K, committed 15360K, reserved 1048576K
}
Event: 60094.419 GC heap before
{Heap before GC invocations=625 (full 6):
 PSYoungGen      total 129024K, used 108975K [0x00000000e0c00000, 0x00000000eaa80000, 0x0000000100000000)
  eden space 102912K, 100% used [0x00000000e0c00000,0x00000000e7080000,0x00000000e7080000)
  from space 26112K, 23% used [0x00000000e9100000,0x00000000e96ebfb0,0x00000000eaa80000)
  to   space 29696K, 0% used [0x00000000e7080000,0x00000000e7080000,0x00000000e8d80000)
 ParOldGen       total 344576K, used 274983K [0x00000000a2400000, 0x00000000b7480000, 0x00000000e0c00000)
  object space 344576K, 79% used [0x00000000a2400000,0x00000000b3089d00,0x00000000b7480000)
 Metaspace       used 99138K, capacity 100058K, committed 100608K, reserved 1134592K
  class space    used 15013K, capacity 15232K, committed 15360K, reserved 1048576K
Event: 60094.446 GC heap after
Heap after GC invocations=625 (full 6):
 PSYoungGen      total 111104K, used 9736K [0x00000000e0c00000, 0x00000000ea580000, 0x0000000100000000)
  eden space 100864K, 0% used [0x00000000e0c00000,0x00000000e0c00000,0x00000000e6e80000)
  from space 10240K, 95% used [0x00000000e7080000,0x00000000e7a020e8,0x00000000e7a80000)
  to   space 28160K, 0% used [0x00000000e8a00000,0x00000000e8a00000,0x00000000ea580000)
 ParOldGen       total 344576K, used 275055K [0x00000000a2400000, 0x00000000b7480000, 0x00000000e0c00000)
  object space 344576K, 79% used [0x00000000a2400000,0x00000000b309bd10,0x00000000b7480000)
 Metaspace       used 99138K, capacity 100058K, committed 100608K, reserved 1134592K
  class space    used 15013K, capacity 15232K, committed 15360K, reserved 1048576K
}
Event: 60249.983 GC heap before
{Heap before GC invocations=626 (full 6):
 PSYoungGen      total 111104K, used 110600K [0x00000000e0c00000, 0x00000000ea580000, 0x0000000100000000)
  eden space 100864K, 100% used [0x00000000e0c00000,0x00000000e6e80000,0x00000000e6e80000)
  from space 10240K, 95% used [0x00000000e7080000,0x00000000e7a020e8,0x00000000e7a80000)
  to   space 28160K, 0% used [0x00000000e8a00000,0x00000000e8a00000,0x00000000ea580000)
 ParOldGen       total 344576K, used 275055K [0x00000000a2400000, 0x00000000b7480000, 0x00000000e0c00000)
  object space 344576K, 79% used [0x00000000a2400000,0x00000000b309bd10,0x00000000b7480000)
 Metaspace       used 99140K, capacity 100058K, committed 100608K, reserved 1134592K
  class space    used 15013K, capacity 15232K, committed 15360K, reserved 1048576K
Event: 60250.002 GC heap after
Heap after GC invocations=626 (full 6):
 PSYoungGen      total 121856K, used 7116K [0x00000000e0c00000, 0x00000000ea000000, 0x0000000100000000)
  eden space 99328K, 0% used [0x00000000e0c00000,0x00000000e0c00000,0x00000000e6d00000)
  from space 22528K, 31% used [0x00000000e8a00000,0x00000000e90f30d0,0x00000000ea000000)
  to   space 26112K, 0% used [0x00000000e6d00000,0x00000000e6d00000,0x00000000e8680000)
 ParOldGen       total 344576K, used 275223K [0x00000000a2400000, 0x00000000b7480000, 0x00000000e0c00000)
  object space 344576K, 79% used [0x00000000a2400000,0x00000000b30c5d30,0x00000000b7480000)
 Metaspace       used 99140K, capacity 100058K, committed 100608K, reserved 1134592K
  class space    used 15013K, capacity 15232K, committed 15360K, reserved 1048576K
}

Deoptimization events (10 events):
Event: 60265.028 Thread 0x00000000194ca000 Uncommon trap: reason=class_check action=maybe_recompile pc=0x0000000006d4c468 method=ro.sync.syntaxhighlight.eb.removeUpdate(Ljavax/swing/event/DocumentEvent;Ljava/awt/Shape;Ljavax/swing/text/ViewFactory;)V @ 29
Event: 60265.028 Thread 0x00000000194ca000 Uncommon trap: reason=class_check action=maybe_recompile pc=0x00000000052554e8 method=ro.sync.exml.editor.b.d$_d.removeUpdate(Ljavax/swing/event/DocumentEvent;)V @ 14
Event: 60265.028 Thread 0x00000000194ca000 Uncommon trap: reason=class_check action=maybe_recompile pc=0x0000000002a72910 method=ro.sync.find.d.v$1.removeUpdate(Ljavax/swing/event/DocumentEvent;)V @ 1
Event: 60265.028 Thread 0x00000000194ca000 Uncommon trap: reason=class_check action=maybe_recompile pc=0x0000000007d5fcf0 method=javax.swing.text.DefaultCaret$Handler.removeUpdate(Ljavax/swing/event/DocumentEvent;)V @ 187
Event: 60265.028 Thread 0x00000000194ca000 Uncommon trap: reason=class_check action=maybe_recompile pc=0x0000000006d4c468 method=ro.sync.syntaxhighlight.eb.removeUpdate(Ljavax/swing/event/DocumentEvent;Ljava/awt/Shape;Ljavax/swing/text/ViewFactory;)V @ 29
Event: 60265.028 Thread 0x00000000194ca000 Uncommon trap: reason=class_check action=maybe_recompile pc=0x00000000052554e8 method=ro.sync.exml.editor.b.d$_d.removeUpdate(Ljavax/swing/event/DocumentEvent;)V @ 14
Event: 60265.028 Thread 0x00000000194ca000 Uncommon trap: reason=class_check action=maybe_recompile pc=0x0000000002a72910 method=ro.sync.find.d.v$1.removeUpdate(Ljavax/swing/event/DocumentEvent;)V @ 1
Event: 60265.028 Thread 0x00000000194ca000 Uncommon trap: reason=class_check action=maybe_recompile pc=0x0000000007d5fcf0 method=javax.swing.text.DefaultCaret$Handler.removeUpdate(Ljavax/swing/event/DocumentEvent;)V @ 187
Event: 60265.028 Thread 0x00000000194ca000 Uncommon trap: reason=class_check action=maybe_recompile pc=0x0000000006d4c468 method=ro.sync.syntaxhighlight.eb.removeUpdate(Ljavax/swing/event/DocumentEvent;Ljava/awt/Shape;Ljavax/swing/text/ViewFactory;)V @ 29
Event: 60278.574 Thread 0x000000002290c800 Uncommon trap: reason=unstable_if action=reinterpret pc=0x0000000007687b0c method=org.apache.lucene.codecs.lucene40.Lucene40PostingsReader$AllDocsSegmentDocsEnum.nextUnreadDoc()I @ 30

Internal exceptions (10 events):
Event: 59771.951 Thread 0x000000001ef59800 Exception <a 'java/io/IOException'> (0x00000000e2a64548) thrown at [D:\re\workspace\8-2-build-windows-amd64-cygwin\jdk8u40\2855\hotspot\src\share\vm\prims\jni.cpp, line 709]
Event: 59771.954 Thread 0x000000001ef59800 Exception <a 'java/io/IOException'> (0x00000000e2a91450) thrown at [D:\re\workspace\8-2-build-windows-amd64-cygwin\jdk8u40\2855\hotspot\src\share\vm\prims\jni.cpp, line 709]
Event: 59771.957 Thread 0x000000001ef59800 Exception <a 'java/io/IOException'> (0x00000000e2abe7b0) thrown at [D:\re\workspace\8-2-build-windows-amd64-cygwin\jdk8u40\2855\hotspot\src\share\vm\prims\jni.cpp, line 709]
Event: 59771.960 Thread 0x000000001ef59800 Exception <a 'java/io/IOException'> (0x00000000e2aebed8) thrown at [D:\re\workspace\8-2-build-windows-amd64-cygwin\jdk8u40\2855\hotspot\src\share\vm\prims\jni.cpp, line 709]
Event: 59771.962 Thread 0x000000001ef59800 Exception <a 'java/io/IOException'> (0x00000000e2b199c8) thrown at [D:\re\workspace\8-2-build-windows-amd64-cygwin\jdk8u40\2855\hotspot\src\share\vm\prims\jni.cpp, line 709]
Event: 59771.966 Thread 0x000000001ef59800 Exception <a 'java/io/IOException'> (0x00000000e2b47840) thrown at [D:\re\workspace\8-2-build-windows-amd64-cygwin\jdk8u40\2855\hotspot\src\share\vm\prims\jni.cpp, line 709]
Event: 59771.969 Thread 0x000000001ef59800 Exception <a 'java/io/IOException'> (0x00000000e2b75b50) thrown at [D:\re\workspace\8-2-build-windows-amd64-cygwin\jdk8u40\2855\hotspot\src\share\vm\prims\jni.cpp, line 709]
Event: 59771.969 Thread 0x000000001ef59800 Exception <a 'java/lang/ClassNotFoundException': sun/net/www/protocol/ebb/Handler> (0x00000000e2b80460) thrown at [D:\re\workspace\8-2-build-windows-amd64-cygwin\jdk8u40\2855\hotspot\src\share\vm\classfile\systemDictionary.cpp, line 210]
Event: 59771.970 Thread 0x000000001ef59800 Exception <a 'java/lang/ClassNotFoundException': sun/net/www/protocol/ebb/Handler> (0x00000000e2b8d680) thrown at [D:\re\workspace\8-2-build-windows-amd64-cygwin\jdk8u40\2855\hotspot\src\share\vm\classfile\systemDictionary.cpp, line 210]
Event: 59771.973 Thread 0x000000001ef59800 Exception <a 'java/io/IOException'> (0x00000000e2bb4a30) thrown at [D:\re\workspace\8-2-build-windows-amd64-cygwin\jdk8u40\2855\hotspot\src\share\vm\prims\jni.cpp, line 709]

Events (10 events):
Event: 60278.501 Executing VM operation: RevokeBias done
Event: 60278.518 Executing VM operation: RevokeBias
Event: 60278.519 Executing VM operation: RevokeBias done
Event: 60278.574 Thread 0x000000002290c800 Uncommon trap: trap_request=0xffffff65 fr.pc=0x0000000007687b0c
Event: 60278.574 Thread 0x000000002290c800 DEOPT PACKING pc=0x0000000007687b0c sp=0x000000002535ead0
Event: 60278.574 Thread 0x000000002290c800 DEOPT UNPACKING pc=0x000000000295556a sp=0x000000002535e8c0 mode 2
Event: 60278.617 Thread 0x000000002290c800 DEOPT PACKING pc=0x00000000075f2fd7 sp=0x000000002535eb40
Event: 60278.618 Thread 0x000000002290c800 DEOPT UNPACKING pc=0x00000000029571bf sp=0x000000002535e9e0 mode 0
Event: 60278.676 Thread 0x000000002290c800 DEOPT PACKING pc=0x00000000075f2fd7 sp=0x000000002535eb40
Event: 60278.676 Thread 0x000000002290c800 DEOPT UNPACKING pc=0x00000000029571bf sp=0x000000002535e9e0 mode 0


Dynamic libraries:
0x00007ff6d8e00000 - 0x00007ff6d8ea9000 	C:\Program Files\Oxygen XML Editor 17\oxygen17.0.exe
0x00007ff912130000 - 0x00007ff9122f1000 	C:\WINDOWS\SYSTEM32\ntdll.dll
0x00007ff90f850000 - 0x00007ff90f8fd000 	C:\WINDOWS\system32\KERNEL32.DLL
0x00007ff90efd0000 - 0x00007ff90f1ad000 	C:\WINDOWS\system32\KERNELBASE.dll
0x00007ff90d270000 - 0x00007ff90d2e8000 	C:\WINDOWS\system32\apphelp.dll
0x00007ff911860000 - 0x00007ff9119ae000 	C:\WINDOWS\system32\USER32.dll
0x00007ff911a10000 - 0x00007ff911b96000 	C:\WINDOWS\system32\GDI32.dll
0x00007ff911680000 - 0x00007ff911726000 	C:\WINDOWS\system32\ADVAPI32.dll
0x00007ff911bb0000 - 0x00007ff911c4d000 	C:\WINDOWS\system32\msvcrt.dll
0x00007ff911250000 - 0x00007ff9112ab000 	C:\WINDOWS\system32\sechost.dll
0x00007ff911730000 - 0x00007ff911856000 	C:\WINDOWS\system32\RPCRT4.dll
0x00007ff909500000 - 0x00007ff909774000 	C:\WINDOWS\WinSxS\amd64_microsoft.windows.common-controls_6595b64144ccf1df_6.0.10240.16384_none_f41f7b285750ef43\COMCTL32.dll
0x00007ff90f900000 - 0x00007ff90f936000 	C:\WINDOWS\system32\IMM32.DLL
0x00007ff9110e0000 - 0x00007ff91123c000 	C:\WINDOWS\system32\MSCTF.dll
0x0000000180000000 - 0x000000018000a000 	C:\WINDOWS\KATRK64.DLL
0x00007ff90d2f0000 - 0x00007ff90d303000 	C:\WINDOWS\SYSTEM32\WTSAPI32.dll
0x0000000066ef0000 - 0x0000000067773000 	c:\program files\oxygen xml editor 17\jre\bin\server\jvm.dll
0x00007ff911240000 - 0x00007ff911248000 	C:\WINDOWS\system32\PSAPI.DLL
0x00007ff90cc70000 - 0x00007ff90cc93000 	C:\WINDOWS\SYSTEM32\WINMM.dll
0x00007ff903eb0000 - 0x00007ff903eb9000 	C:\WINDOWS\SYSTEM32\WSOCK32.dll
0x0000000068100000 - 0x00000000681d2000 	C:\WINDOWS\SYSTEM32\MSVCR100.dll
0x00007ff90b320000 - 0x00007ff90b32a000 	C:\WINDOWS\SYSTEM32\VERSION.dll
0x00007ff90cc40000 - 0x00007ff90cc6c000 	C:\WINDOWS\SYSTEM32\WINMMBASE.dll
0x00007ff911530000 - 0x00007ff911599000 	C:\WINDOWS\system32\WS2_32.dll
0x00007ff911ba0000 - 0x00007ff911ba8000 	C:\WINDOWS\system32\NSI.dll
0x00007ff90eca0000 - 0x00007ff90ece4000 	C:\WINDOWS\system32\cfgmgr32.dll
0x00007ff90d4b0000 - 0x00007ff90d4d7000 	C:\WINDOWS\SYSTEM32\DEVOBJ.dll
0x0000000067e40000 - 0x0000000067e4f000 	c:\program files\oxygen xml editor 17\jre\bin\verify.dll
0x0000000067e10000 - 0x0000000067e39000 	c:\program files\oxygen xml editor 17\jre\bin\java.dll
0x0000000067df0000 - 0x0000000067e06000 	c:\program files\oxygen xml editor 17\jre\bin\zip.dll
0x00007ff90f940000 - 0x00007ff910e62000 	C:\WINDOWS\system32\SHELL32.dll
0x00007ff90f1b0000 - 0x00007ff90f7d9000 	C:\WINDOWS\system32\windows.storage.dll
0x00007ff9112b0000 - 0x00007ff91152c000 	C:\WINDOWS\system32\combase.dll
0x00007ff911080000 - 0x00007ff9110d1000 	C:\WINDOWS\system32\shlwapi.dll
0x00007ff90eb40000 - 0x00007ff90eb4f000 	C:\WINDOWS\system32\kernel.appcore.dll
0x00007ff90ebe0000 - 0x00007ff90ec93000 	C:\WINDOWS\system32\shcore.dll
0x00007ff90eb70000 - 0x00007ff90ebba000 	C:\WINDOWS\system32\powrprof.dll
0x00007ff90ebc0000 - 0x00007ff90ebd3000 	C:\WINDOWS\system32\profapi.dll
0x0000000067dc0000 - 0x0000000067de6000 	C:\Program Files\Oxygen XML Editor 17\jre\bin\JavaAccessBridge-64.dll
0x0000000067c20000 - 0x0000000067db8000 	C:\Program Files\Oxygen XML Editor 17\jre\bin\awt.dll
0x00007ff9115c0000 - 0x00007ff91167e000 	C:\WINDOWS\system32\OLEAUT32.dll
0x00007ff90d410000 - 0x00007ff90d4a6000 	C:\WINDOWS\system32\uxtheme.dll
0x00007ff90c9f0000 - 0x00007ff90ca12000 	C:\WINDOWS\system32\dwmapi.dll
0x00007ff910e80000 - 0x00007ff910fc1000 	C:\WINDOWS\system32\ole32.dll
0x00007ff90e940000 - 0x00007ff90e9ab000 	C:\WINDOWS\SYSTEM32\bcryptPrimitives.dll
0x0000000018a80000 - 0x0000000018ab8000 	C:\Program Files\Oxygen XML Editor 17\lib\com\sun\jna\win32-x86-64\jnidispatch.dll
0x0000000067c00000 - 0x0000000067c1a000 	C:\Program Files\Oxygen XML Editor 17\jre\bin\net.dll
0x00007ff90e350000 - 0x00007ff90e3ad000 	C:\WINDOWS\system32\mswsock.dll
0x0000000067bb0000 - 0x0000000067bf7000 	C:\Program Files\Oxygen XML Editor 17\jre\bin\fontmanager.dll
0x0000000067b90000 - 0x0000000067ba1000 	C:\Program Files\Oxygen XML Editor 17\jre\bin\nio.dll
0x00007ff90e3b0000 - 0x00007ff90e3c7000 	C:\WINDOWS\SYSTEM32\CRYPTSP.dll
0x00007ff90ea70000 - 0x00007ff90ea98000 	C:\WINDOWS\SYSTEM32\bcrypt.dll
0x00007ff90e000000 - 0x00007ff90e033000 	C:\WINDOWS\system32\rsaenh.dll
0x00007ff90e1a0000 - 0x00007ff90e1bf000 	C:\WINDOWS\SYSTEM32\USERENV.dll
0x00007ff90e520000 - 0x00007ff90e52b000 	C:\WINDOWS\SYSTEM32\CRYPTBASE.dll
0x00007ff90a4b0000 - 0x00007ff90a4e8000 	C:\WINDOWS\SYSTEM32\IPHLPAPI.DLL
0x00007ff90a490000 - 0x00007ff90a49b000 	C:\WINDOWS\SYSTEM32\WINNSI.DLL
0x00007ff909ea0000 - 0x00007ff909eb6000 	C:\WINDOWS\SYSTEM32\dhcpcsvc6.DLL
0x00007ff909e80000 - 0x00007ff909e9a000 	C:\WINDOWS\SYSTEM32\dhcpcsvc.DLL
0x0000000067b40000 - 0x0000000067b81000 	C:\Program Files\Oxygen XML Editor 17\jre\bin\t2k.dll
0x0000000067b10000 - 0x0000000067b3a000 	C:\Program Files\Oxygen XML Editor 17\jre\bin\dcpr.dll
0x00007ff90b3b0000 - 0x00007ff90b45a000 	C:\WINDOWS\WinSxS\amd64_microsoft.windows.common-controls_6595b64144ccf1df_5.82.10240.16384_none_0212ec7eba871e86\comctl32.dll
0x00007ff90b300000 - 0x00007ff90b318000 	C:\WINDOWS\system32\NLAapi.dll
0x00007ff8ff8b0000 - 0x00007ff8ff8c5000 	C:\WINDOWS\system32\napinsp.dll
0x00007ff902640000 - 0x00007ff90265a000 	C:\WINDOWS\system32\pnrpnsp.dll
0x00007ff90e0f0000 - 0x00007ff90e198000 	C:\WINDOWS\SYSTEM32\DNSAPI.dll
0x00007ff902660000 - 0x00007ff90266d000 	C:\WINDOWS\System32\winrnr.dll
0x00000000685c0000 - 0x00000000685e6000 	C:\Program Files\Bonjour\mdnsNSP.dll
0x00007ff9089c0000 - 0x00007ff9089ca000 	C:\Windows\System32\rasadhlp.dll
0x00007ff9090e0000 - 0x00007ff909148000 	C:\WINDOWS\System32\fwpuclnt.dll
0x0000000018b20000 - 0x0000000018b37000 	C:\Program Files\Oxygen XML Editor 17\lib\WindowsNativeHelper64.dll
0x00007ff912030000 - 0x00007ff912107000 	C:\WINDOWS\system32\comdlg32.dll
0x0000000067ae0000 - 0x0000000067b04000 	C:\Program Files\Oxygen XML Editor 17\jre\bin\sunec.dll
0x0000000067ad0000 - 0x0000000067add000 	C:\Program Files\Oxygen XML Editor 17\jre\bin\management.dll
0x000000001bc90000 - 0x000000001bd08000 	\\?\C:\PROGRA~1\OXYGEN~2\lib\hunspell\HUNSPE~2.DLL
0x00007ff910fd0000 - 0x00007ff911075000 	C:\WINDOWS\system32\clbcatq.dll
0x00007ff909150000 - 0x00007ff909302000 	C:\WINDOWS\SYSTEM32\WindowsCodecs.dll
0x00007ff8fefb0000 - 0x00007ff8feff6000 	C:\WINDOWS\system32\dataexchange.dll
0x00007ff9074d0000 - 0x00007ff907a15000 	C:\WINDOWS\system32\d2d1.dll
0x00007ff90c740000 - 0x00007ff90c9e3000 	C:\WINDOWS\system32\d3d11.dll
0x00007ff90d080000 - 0x00007ff90d151000 	C:\WINDOWS\system32\dcomp.dll
0x00007ff90c6a0000 - 0x00007ff90c73c000 	C:\WINDOWS\system32\dxgi.dll
0x00007ff90d500000 - 0x00007ff90d5ee000 	C:\WINDOWS\system32\twinapi.appcore.dll
0x00007ff90ca20000 - 0x00007ff90cba3000 	C:\WINDOWS\system32\propsys.dll
0x00007ff8ed4d0000 - 0x00007ff8ed672000 	C:\WINDOWS\system32\NetworkExplorer.dll
0x00007ff907ea0000 - 0x00007ff907faf000 	C:\Windows\System32\MrmCoreR.dll
0x00007ff906a10000 - 0x00007ff906d86000 	C:\Windows\System32\iertutil.dll
0x00007ff8fac40000 - 0x00007ff8fac8b000 	C:\Windows\System32\thumbcache.dll
0x00007ff907d90000 - 0x00007ff907df6000 	C:\Windows\System32\Bcp47Langs.dll
0x00007ff909f30000 - 0x00007ff909fce000 	C:\Windows\System32\Windows.UI.dll
0x00007ff90d020000 - 0x00007ff90d07c000 	C:\Windows\System32\NInput.dll
0x00007ff90ad60000 - 0x00007ff90af09000 	C:\WINDOWS\WinSxS\amd64_microsoft.windows.gdiplus_6595b64144ccf1df_1.1.10240.16384_none_89a94c179af51f83\gdiplus.dll
0x00007ff8e20d0000 - 0x00007ff8e2280000 	C:\WINDOWS\system32\DUI70.dll
0x00007ff9072f0000 - 0x00007ff907389000 	C:\WINDOWS\system32\DUser.dll
0x00007ff906880000 - 0x00007ff906a06000 	C:\Windows\System32\Windows.Globalization.dll
0x00007ff906510000 - 0x00007ff90653e000 	C:\WINDOWS\SYSTEM32\globinputhost.dll
0x00007ff908e30000 - 0x00007ff908e66000 	C:\WINDOWS\system32\xmllite.dll
0x00007ff9055a0000 - 0x00007ff9055cf000 	C:\WINDOWS\SYSTEM32\edputil.dll
0x00007ff90a6b0000 - 0x00007ff90a7e1000 	C:\WINDOWS\SYSTEM32\wintypes.dll
0x00007ff904be0000 - 0x00007ff904c19000 	C:\WINDOWS\SYSTEM32\policymanager.dll
0x00007ff904b40000 - 0x00007ff904bd2000 	C:\WINDOWS\SYSTEM32\msvcp110_win.dll
0x00007ff901860000 - 0x00007ff901917000 	C:\WINDOWS\System32\StructuredQuery.dll
0x00007ff905b70000 - 0x00007ff905fda000 	C:\Windows\System32\ActXPrxy.dll
0x00007ff902a10000 - 0x00007ff902a20000 	C:\WINDOWS\SYSTEM32\atlthunk.dll
0x00007ff8f5d20000 - 0x00007ff8f5deb000 	C:\WINDOWS\system32\Windows.Storage.Search.dll
0x00007ff9055e0000 - 0x00007ff9055e9000 	C:\WINDOWS\system32\IconCodecService.dll
0x00007ff90f7e0000 - 0x00007ff90f84f000 	C:\WINDOWS\system32\coml2.dll
0x00007ff90af60000 - 0x00007ff90af6d000 	C:\WINDOWS\SYSTEM32\LINKINFO.dll
0x00000000681e0000 - 0x0000000068278000 	C:\WINDOWS\SYSTEM32\MSVCP100.dll
0x00007ff906e20000 - 0x00007ff907079000 	C:\WINDOWS\SYSTEM32\DWrite.dll
0x00007ff90dd70000 - 0x00007ff90dd8c000 	C:\WINDOWS\SYSTEM32\MPR.dll
0x00007ff90b4d0000 - 0x00007ff90b4db000 	C:\WINDOWS\System32\drprov.dll
0x00007ff90e5b0000 - 0x00007ff90e608000 	C:\WINDOWS\System32\WINSTA.dll
0x00007ff905810000 - 0x00007ff905826000 	C:\WINDOWS\System32\ntlanman.dll
0x00007ff90af10000 - 0x00007ff90af30000 	C:\WINDOWS\System32\davclnt.dll
0x00007ff90b490000 - 0x00007ff90b49c000 	C:\WINDOWS\System32\DAVHLPR.dll
0x00007ff90a3e0000 - 0x00007ff90a3f6000 	C:\WINDOWS\System32\wkscli.dll
0x00007ff9016f0000 - 0x00007ff901702000 	C:\WINDOWS\SYSTEM32\cscapi.dll
0x00007ff90ddc0000 - 0x00007ff90ddcc000 	C:\WINDOWS\System32\netutils.dll
0x00007ff8f69a0000 - 0x00007ff8f6a60000 	C:\Program Files (x86)\Google\Drive\googledrivesync64.dll
0x00000000684e0000 - 0x00000000685b3000 	C:\WINDOWS\WinSxS\amd64_microsoft.vc90.crt_1fc8b3b9a1e18e3b_9.0.30729.9158_none_08e47e47a83d53d6\MSVCP90.dll
0x0000000068430000 - 0x00000000684d3000 	C:\WINDOWS\WinSxS\amd64_microsoft.vc90.crt_1fc8b3b9a1e18e3b_9.0.30729.9158_none_08e47e47a83d53d6\MSVCR90.dll
0x00007ff8f5df0000 - 0x00007ff8f5eba000 	C:\Program Files (x86)\Adobe\Adobe Creative Cloud\CoreSyncExtension\CoreSync_x64.dll
0x00007ff8f6960000 - 0x00007ff8f699b000 	C:\Program Files (x86)\Dropbox\Client\DropboxExt64.27.dll
0x00007ff8f5b90000 - 0x00007ff8f5d1f000 	C:\Users\Lisa\AppData\Local\Microsoft\OneDrive\17.3.5951.0827\amd64\FileSyncShell64.dll
0x00007ff8f59f0000 - 0x00007ff8f5a96000 	C:\Users\Lisa\AppData\Local\Microsoft\OneDrive\17.3.5951.0827\amd64\MSVCP120.dll
0x00007ff8f5aa0000 - 0x00007ff8f5b8f000 	C:\Users\Lisa\AppData\Local\Microsoft\OneDrive\17.3.5951.0827\amd64\MSVCR120.dll
0x00007ff900a70000 - 0x00007ff900d17000 	C:\WINDOWS\SYSTEM32\WININET.dll

VM Arguments:
jvm_args: -Dexe4j.semaphoreName=Local\c:_program_files_oxygen_xml_editor_17_oxygen17.0.exe -Dexe4j.isInstall4j=true -Dexe4j.moduleName=C:\Program Files\Oxygen XML Editor 17\oxygen17.0.exe -Dexe4j.processCommFile=C:\Users\Lisa\AppData\Local\Temp\e4j_p6044.tmp -Dexe4j.tempDir= -Dexe4j.unextractedPosition=0 -Djava.library.path=C:\ProgramData\Oracle\Java\javapath;C:\WINDOWS\system32;C:\WINDOWS;C:\WINDOWS\System32\Wbem;C:\WINDOWS\System32\WindowsPowerShell\v1.0\;C:\Program Files (x86)\Google\Google Apps Sync\;C:\Program Files (x86)\Google\Google Apps Migration\;C:\Program Files\Microsoft\Web Platform Installer\;C:\Program Files (x86)\Microsoft ASP.NET\ASP.NET Web Pages\v1.0\;C:\Program Files (x86)\Windows Kits\8.0\Windows Performance Toolkit\;C:\Program Files\Microsoft SQL Server\110\Tools\Binn\;C:\Program Files\Google\Google Apps Sync\;C:\Program Files\Google\Google Apps Migration\;C:\Program Files (x86)\Git\cmd;C:\Program Files\cURL\bin;C:\Program Files (x86)\QuickTime\QTSystem\;C:\Anaconda3;C:\Anaconda3\Scripts;C:\Program Files (x86)\Graphviz2.38\bin;C:\Anaconda3\MinGW\bin;C:\Program Files (x86)\SSH Communications Security\SSH Secure Shell;C:\Users\Lisa\AppData\Local\Box\Box Edit\;c:\program files\oxygen xml editor 17\jre\bin -Dexe4j.consoleCodepage=cp0 -Dcom.oxygenxml.tree.readonly=false -XX:SoftRefLRUPolicyMSPerMB=10 -XX:MaxPermSize=256m -Dsun.java2d.noddraw=true -Dsun.awt.nopixfmt=true -Dsun.java2d.dpiaware=true -Dsun.awt.keepWorkingSetOnMinimize=true -Dinstall4j.launcherId=19 -Dinstall4j.swt=false -Xmx1500m -Dcom.oxygenxml.language=English -XX:+UseParallelGC -XX:ErrorFile=C:\Users\Lisa\AppData\Local\Temp\/oxy_jvm_crash.log -XX:OnError=C:\Program Files\Oxygen XML Editor 17/rp.exe 
java_command: C:\Program Files\Oxygen XML Editor 17\oxygen17.0.exe
java_class_path (initial): C:\Program Files\Oxygen XML Editor 17\.install4j\i4jruntime.jar;C:\Program Files\Oxygen XML Editor 17\.\lib\oxygen.jar;
Launcher Type: generic

Environment Variables:
PATH=C:\ProgramData\Oracle\Java\javapath;C:\WINDOWS\system32;C:\WINDOWS;C:\WINDOWS\System32\Wbem;C:\WINDOWS\System32\WindowsPowerShell\v1.0\;C:\Program Files (x86)\Google\Google Apps Sync\;C:\Program Files (x86)\Google\Google Apps Migration\;C:\Program Files\Microsoft\Web Platform Installer\;C:\Program Files (x86)\Microsoft ASP.NET\ASP.NET Web Pages\v1.0\;C:\Program Files (x86)\Windows Kits\8.0\Windows Performance Toolkit\;C:\Program Files\Microsoft SQL Server\110\Tools\Binn\;C:\Program Files\Google\Google Apps Sync\;C:\Program Files\Google\Google Apps Migration\;C:\Program Files (x86)\Git\cmd;C:\Program Files\cURL\bin;C:\Program Files (x86)\QuickTime\QTSystem\;C:\Anaconda3;C:\Anaconda3\Scripts;C:\Program Files (x86)\Graphviz2.38\bin;C:\Anaconda3\MinGW\bin;C:\Program Files (x86)\SSH Communications Security\SSH Secure Shell;C:\Users\Lisa\AppData\Local\Box\Box Edit\;c:\program files\oxygen xml editor 17\jre\bin
USERNAME=Lisa
OS=Windows_NT
PROCESSOR_IDENTIFIER=Intel64 Family 6 Model 23 Stepping 7, GenuineIntel



---------------  S Y S T E M  ---------------

OS: Windows 10.0 , 64 bit Build 10240 (10.0.10240.16384)

CPU:total 4 (4 cores per cpu, 1 threads per core) family 6 model 23 stepping 7, cmov, cx8, fxsr, mmx, sse, sse2, sse3, ssse3, sse4.1, tsc

Memory: 4k page, physical 8386804k(2994584k free), swap 16775412k(6687032k free)

vm_info: Java HotSpot(TM) 64-Bit Server VM (25.40-b25) for windows-amd64 JRE (1.8.0_40-b25), built on Feb 10 2015 21:53:57 by "java_re" with MS VC++ 10.0 (VS2010)

time: Wed Sep 23 08:00:11 2015
elapsed time: 60279 seconds (0d 16h 44m 39s)

